<?xml version="1.0" encoding="UTF-8"?>
<testsuite name="com.example.hangzhao.BishareServerApplicationTests" tests="3" skipped="0" failures="0" errors="0" timestamp="2016-10-12T06:00:06" hostname="hang-DELL-N1510" time="0.361">
  <properties/>
  <testcase name="testRent" classname="com.example.hangzhao.BishareServerApplicationTests" time="0.259"/>
  <testcase name="contextLoads" classname="com.example.hangzhao.BishareServerApplicationTests" time="0.007"/>
  <testcase name="testReturn" classname="com.example.hangzhao.BishareServerApplicationTests" time="0.093"/>
  <system-out><![CDATA[18:59:50.853 [Test worker] DEBUG org.springframework.test.context.junit4.SpringJUnit4ClassRunner - SpringJUnit4ClassRunner constructor called with [class com.example.hangzhao.BishareServerApplicationTests]
18:59:50.885 [Test worker] DEBUG org.springframework.test.context.BootstrapUtils - Instantiating CacheAwareContextLoaderDelegate from class [org.springframework.test.context.cache.DefaultCacheAwareContextLoaderDelegate]
18:59:50.908 [Test worker] DEBUG org.springframework.test.context.BootstrapUtils - Instantiating BootstrapContext using constructor [public org.springframework.test.context.support.DefaultBootstrapContext(java.lang.Class,org.springframework.test.context.CacheAwareContextLoaderDelegate)]
18:59:50.949 [Test worker] DEBUG org.springframework.test.context.BootstrapUtils - Instantiating TestContextBootstrapper for test class [com.example.hangzhao.BishareServerApplicationTests] from class [org.springframework.boot.test.context.SpringBootTestContextBootstrapper]
18:59:51.001 [Test worker] INFO org.springframework.boot.test.context.SpringBootTestContextBootstrapper - Neither @ContextConfiguration nor @ContextHierarchy found for test class [com.example.hangzhao.BishareServerApplicationTests], using SpringBootContextLoader
18:59:51.017 [Test worker] DEBUG org.springframework.test.context.support.AbstractContextLoader - Did not detect default resource location for test class [com.example.hangzhao.BishareServerApplicationTests]: class path resource [com/example/hangzhao/BishareServerApplicationTests-context.xml] does not exist
18:59:51.018 [Test worker] DEBUG org.springframework.test.context.support.AbstractContextLoader - Did not detect default resource location for test class [com.example.hangzhao.BishareServerApplicationTests]: class path resource [com/example/hangzhao/BishareServerApplicationTestsContext.groovy] does not exist
18:59:51.020 [Test worker] INFO org.springframework.test.context.support.AbstractContextLoader - Could not detect default resource locations for test class [com.example.hangzhao.BishareServerApplicationTests]: no resource found for suffixes {-context.xml, Context.groovy}.
18:59:51.024 [Test worker] INFO org.springframework.test.context.support.AnnotationConfigContextLoaderUtils - Could not detect default configuration classes for test class [com.example.hangzhao.BishareServerApplicationTests]: BishareServerApplicationTests does not declare any static, non-private, non-final, nested classes annotated with @Configuration.
18:59:51.140 [Test worker] DEBUG org.springframework.test.context.support.ActiveProfilesUtils - Could not find an 'annotation declaring class' for annotation type [org.springframework.test.context.ActiveProfiles] and class [com.example.hangzhao.BishareServerApplicationTests]
18:59:51.318 [Test worker] DEBUG org.springframework.core.env.StandardEnvironment - Adding [systemProperties] PropertySource with lowest search precedence
18:59:51.319 [Test worker] DEBUG org.springframework.core.env.StandardEnvironment - Adding [systemEnvironment] PropertySource with lowest search precedence
18:59:51.320 [Test worker] DEBUG org.springframework.core.env.StandardEnvironment - Initialized StandardEnvironment with PropertySources [systemProperties,systemEnvironment]
18:59:51.368 [Test worker] DEBUG org.springframework.core.io.support.PathMatchingResourcePatternResolver - Resolved classpath location [com/example/hangzhao/] to resources [URL [file:/C:/Users/Hang%20Zhao/Documents/GitHub/Bishare_Server-master/build/classes/test/com/example/hangzhao/], URL [file:/C:/Users/Hang%20Zhao/Documents/GitHub/Bishare_Server-master/build/classes/main/com/example/hangzhao/]]
18:59:51.370 [Test worker] DEBUG org.springframework.core.io.support.PathMatchingResourcePatternResolver - Looking for matching resources in directory tree [C:\Users\Hang Zhao\Documents\GitHub\Bishare_Server-master\build\classes\test\com\example\hangzhao]
18:59:51.371 [Test worker] DEBUG org.springframework.core.io.support.PathMatchingResourcePatternResolver - Searching directory [C:\Users\Hang Zhao\Documents\GitHub\Bishare_Server-master\build\classes\test\com\example\hangzhao] for files matching pattern [C:/Users/Hang Zhao/Documents/GitHub/Bishare_Server-master/build/classes/test/com/example/hangzhao/*.class]
18:59:51.395 [Test worker] DEBUG org.springframework.core.io.support.PathMatchingResourcePatternResolver - Looking for matching resources in directory tree [C:\Users\Hang Zhao\Documents\GitHub\Bishare_Server-master\build\classes\main\com\example\hangzhao]
18:59:51.396 [Test worker] DEBUG org.springframework.core.io.support.PathMatchingResourcePatternResolver - Searching directory [C:\Users\Hang Zhao\Documents\GitHub\Bishare_Server-master\build\classes\main\com\example\hangzhao] for files matching pattern [C:/Users/Hang Zhao/Documents/GitHub/Bishare_Server-master/build/classes/main/com/example/hangzhao/*.class]
18:59:51.400 [Test worker] DEBUG org.springframework.core.io.support.PathMatchingResourcePatternResolver - Resolved location pattern [classpath*:com/example/hangzhao/*.class] to resources [file [C:\Users\Hang Zhao\Documents\GitHub\Bishare_Server-master\build\classes\test\com\example\hangzhao\BishareServerApplicationTests.class], file [C:\Users\Hang Zhao\Documents\GitHub\Bishare_Server-master\build\classes\test\com\example\hangzhao\BishareServerMVCTests.class], file [C:\Users\Hang Zhao\Documents\GitHub\Bishare_Server-master\build\classes\main\com\example\hangzhao\BishareServerApplication$1.class], file [C:\Users\Hang Zhao\Documents\GitHub\Bishare_Server-master\build\classes\main\com\example\hangzhao\BishareServerApplication.class], file [C:\Users\Hang Zhao\Documents\GitHub\Bishare_Server-master\build\classes\main\com\example\hangzhao\InitDB.class]]
18:59:51.579 [Test worker] DEBUG org.springframework.context.annotation.ClassPathScanningCandidateComponentProvider - Identified candidate component class: file [C:\Users\Hang Zhao\Documents\GitHub\Bishare_Server-master\build\classes\main\com\example\hangzhao\BishareServerApplication.class]
18:59:51.584 [Test worker] INFO org.springframework.boot.test.context.SpringBootTestContextBootstrapper - Found @SpringBootConfiguration com.example.hangzhao.BishareServerApplication for test class com.example.hangzhao.BishareServerApplicationTests
18:59:51.596 [Test worker] DEBUG org.springframework.boot.test.context.SpringBootTestContextBootstrapper - @TestExecutionListeners is not present for class [com.example.hangzhao.BishareServerApplicationTests]: using defaults.
18:59:51.612 [Test worker] INFO org.springframework.boot.test.context.SpringBootTestContextBootstrapper - Loaded default TestExecutionListener class names from location [META-INF/spring.factories]: [org.springframework.boot.test.mock.mockito.MockitoTestExecutionListener, org.springframework.boot.test.mock.mockito.ResetMocksTestExecutionListener, org.springframework.boot.test.autoconfigure.restdocs.RestDocsTestExecutionListener, org.springframework.boot.test.autoconfigure.web.client.MockRestServiceServerResetTestExecutionListener, org.springframework.boot.test.autoconfigure.web.servlet.MockMvcPrintOnlyOnFailureTestExecutionListener, org.springframework.boot.test.autoconfigure.web.servlet.WebDriverTestExecutionListener, org.springframework.test.context.web.ServletTestExecutionListener, org.springframework.test.context.support.DirtiesContextBeforeModesTestExecutionListener, org.springframework.test.context.support.DependencyInjectionTestExecutionListener, org.springframework.test.context.support.DirtiesContextTestExecutionListener, org.springframework.test.context.transaction.TransactionalTestExecutionListener, org.springframework.test.context.jdbc.SqlScriptsTestExecutionListener]
18:59:51.677 [Test worker] INFO org.springframework.boot.test.context.SpringBootTestContextBootstrapper - Using TestExecutionListeners: [org.springframework.test.context.web.ServletTestExecutionListener@5098c15a, org.springframework.test.context.support.DirtiesContextBeforeModesTestExecutionListener@260e0d00, org.springframework.boot.test.autoconfigure.SpringBootDependencyInjectionTestExecutionListener@42287de9, org.springframework.test.context.support.DirtiesContextTestExecutionListener@4dff1c92, org.springframework.test.context.transaction.TransactionalTestExecutionListener@5bfb8666, org.springframework.test.context.jdbc.SqlScriptsTestExecutionListener@d4be614, org.springframework.boot.test.mock.mockito.MockitoTestExecutionListener@c0d0561, org.springframework.boot.test.autoconfigure.restdocs.RestDocsTestExecutionListener@392393fe, org.springframework.boot.test.autoconfigure.web.servlet.WebDriverTestExecutionListener@3e6cea0a, org.springframework.boot.test.autoconfigure.web.servlet.MockMvcPrintOnlyOnFailureTestExecutionListener@6cc5c095, org.springframework.boot.test.autoconfigure.web.client.MockRestServiceServerResetTestExecutionListener@887e661, org.springframework.boot.test.mock.mockito.ResetMocksTestExecutionListener@2d1e38ec]
18:59:51.683 [Test worker] DEBUG org.springframework.test.annotation.ProfileValueUtils - Retrieved @ProfileValueSourceConfiguration [null] for test class [com.example.hangzhao.BishareServerApplicationTests]
18:59:51.685 [Test worker] DEBUG org.springframework.test.annotation.ProfileValueUtils - Retrieved ProfileValueSource type [class org.springframework.test.annotation.SystemProfileValueSource] for class [com.example.hangzhao.BishareServerApplicationTests]
18:59:51.687 [Test worker] DEBUG org.springframework.test.annotation.ProfileValueUtils - Retrieved @ProfileValueSourceConfiguration [null] for test class [com.example.hangzhao.BishareServerApplicationTests]
18:59:51.688 [Test worker] DEBUG org.springframework.test.annotation.ProfileValueUtils - Retrieved ProfileValueSource type [class org.springframework.test.annotation.SystemProfileValueSource] for class [com.example.hangzhao.BishareServerApplicationTests]
18:59:51.699 [Test worker] DEBUG org.springframework.test.context.support.AbstractDirtiesContextTestExecutionListener - Before test class: context [DefaultTestContext@22af8324 testClass = BishareServerApplicationTests, testInstance = [null], testMethod = [null], testException = [null], mergedContextConfiguration = [WebMergedContextConfiguration@48051b1f testClass = BishareServerApplicationTests, locations = '{}', classes = '{class com.example.hangzhao.BishareServerApplication}', contextInitializerClasses = '[]', activeProfiles = '{}', propertySourceLocations = '{}', propertySourceProperties = '{org.springframework.boot.test.context.SpringBootTestContextBootstrapper=true}', contextCustomizers = set[org.springframework.boot.test.context.SpringBootTestContextCustomizer@31f9b606, org.springframework.boot.test.context.filter.ExcludeFilterContextCustomizer@6c9f04b, org.springframework.boot.test.mock.mockito.MockitoContextCustomizer@0, org.springframework.boot.test.autoconfigure.properties.PropertyMappingContextCustomizer@0, org.springframework.boot.test.autoconfigure.web.servlet.WebDriverContextCustomizerFactory$Customizer@1148907e], resourceBasePath = 'src/main/webapp', contextLoader = 'org.springframework.boot.test.context.SpringBootContextLoader', parent = [null]]], class annotated with @DirtiesContext [false] with mode [null].
18:59:51.700 [Test worker] DEBUG org.springframework.test.annotation.ProfileValueUtils - Retrieved @ProfileValueSourceConfiguration [null] for test class [com.example.hangzhao.BishareServerApplicationTests]
18:59:51.702 [Test worker] DEBUG org.springframework.test.annotation.ProfileValueUtils - Retrieved ProfileValueSource type [class org.springframework.test.annotation.SystemProfileValueSource] for class [com.example.hangzhao.BishareServerApplicationTests]
18:59:51.825 [Test worker] DEBUG org.springframework.core.env.StandardEnvironment - Adding [systemProperties] PropertySource with lowest search precedence
18:59:51.826 [Test worker] DEBUG org.springframework.core.env.StandardEnvironment - Adding [systemEnvironment] PropertySource with lowest search precedence
18:59:51.828 [Test worker] DEBUG org.springframework.core.env.StandardEnvironment - Initialized StandardEnvironment with PropertySources [systemProperties,systemEnvironment]
18:59:51.836 [Test worker] DEBUG org.springframework.test.context.support.TestPropertySourceUtils - Adding inlined properties to environment: {spring.jmx.enabled=false, org.springframework.boot.test.context.SpringBootTestContextBootstrapper=true, server.port=-1}
18:59:51.837 [Test worker] DEBUG org.springframework.core.env.StandardEnvironment - Adding [Inlined Test Properties] PropertySource with highest search precedence

  .   ____          _            __ _ _
 /\\ / ___'_ __ _ _(_)_ __  __ _ \ \ \ \
( ( )\___ | '_ | '_| | '_ \/ _` | \ \ \ \
 \\/  ___)| |_)| | | | | || (_| |  ) ) ) )
  '  |____| .__|_| |_|_| |_\__, | / / / /
 =========|_|==============|___/=/_/_/_/
 :: Spring Boot ::        (v1.4.1.RELEASE)

2016-10-12 18:59:53.606  INFO 14472 --- [    Test worker] c.e.h.BishareServerApplicationTests      : Starting BishareServerApplicationTests on hang-DELL-N1510 with PID 14472 (started by Hang Zhao in C:\Users\Hang Zhao\Documents\GitHub\Bishare_Server-master)
2016-10-12 18:59:53.609  INFO 14472 --- [    Test worker] c.e.h.BishareServerApplicationTests      : No active profile set, falling back to default profiles: default
2016-10-12 18:59:53.757  INFO 14472 --- [    Test worker] o.s.w.c.s.GenericWebApplicationContext   : Refreshing org.springframework.web.context.support.GenericWebApplicationContext@1cb043a5: startup date [Wed Oct 12 18:59:53 NZDT 2016]; root of context hierarchy
2016-10-12 19:00:01.558  INFO 14472 --- [    Test worker] org.mongodb.driver.cluster               : Cluster created with settings {hosts=[localhost:27017], mode=MULTIPLE, requiredClusterType=UNKNOWN, serverSelectionTimeout='30000 ms', maxWaitQueueSize=500}
2016-10-12 19:00:01.560  INFO 14472 --- [    Test worker] org.mongodb.driver.cluster               : Adding discovered server localhost:27017 to client view of cluster
2016-10-12 19:00:02.226  INFO 14472 --- [localhost:27017] org.mongodb.driver.connection            : Opened connection [connectionId{localValue:1, serverValue:11}] to localhost:27017
2016-10-12 19:00:02.230  INFO 14472 --- [localhost:27017] org.mongodb.driver.cluster               : Monitor thread successfully connected to server with description ServerDescription{address=localhost:27017, type=STANDALONE, state=CONNECTED, ok=true, version=ServerVersion{versionList=[3, 2, 9]}, minWireVersion=0, maxWireVersion=4, maxDocumentSize=16777216, roundTripTimeNanos=2227125}
2016-10-12 19:00:02.232  INFO 14472 --- [localhost:27017] org.mongodb.driver.cluster               : Discovered cluster type of STANDALONE
2016-10-12 19:00:04.071  INFO 14472 --- [    Test worker] s.w.s.m.m.a.RequestMappingHandlerAdapter : Looking for @ControllerAdvice: org.springframework.web.context.support.GenericWebApplicationContext@1cb043a5: startup date [Wed Oct 12 18:59:53 NZDT 2016]; root of context hierarchy
2016-10-12 19:00:04.352  INFO 14472 --- [    Test worker] s.w.s.m.m.a.RequestMappingHandlerMapping : Mapped "{[/return],methods=[POST]}" onto public java.lang.String com.example.hangzhao.web.ByController.returnBicycle(java.lang.String,java.lang.String,java.lang.String)
2016-10-12 19:00:04.357  INFO 14472 --- [    Test worker] s.w.s.m.m.a.RequestMappingHandlerMapping : Mapped "{[/bicycle],methods=[GET]}" onto public java.util.List<com.example.hangzhao.data.Bicycle> com.example.hangzhao.web.ByController.getAllBicycles()
2016-10-12 19:00:04.357  INFO 14472 --- [    Test worker] s.w.s.m.m.a.RequestMappingHandlerMapping : Mapped "{[/dockbay],methods=[GET]}" onto public java.util.List<com.example.hangzhao.data.DockBay> com.example.hangzhao.web.ByController.getAllDockBay()
2016-10-12 19:00:04.359  INFO 14472 --- [    Test worker] s.w.s.m.m.a.RequestMappingHandlerMapping : Mapped "{[/customer],methods=[GET]}" onto public java.util.List<com.example.hangzhao.data.Customer> com.example.hangzhao.web.ByController.getAllCustomers()
2016-10-12 19:00:04.360  INFO 14472 --- [    Test worker] s.w.s.m.m.a.RequestMappingHandlerMapping : Mapped "{[/status/{customerID}],methods=[GET]}" onto public com.example.hangzhao.data.Customer com.example.hangzhao.web.ByController.customerStatus(java.lang.String)
2016-10-12 19:00:04.361  INFO 14472 --- [    Test worker] s.w.s.m.m.a.RequestMappingHandlerMapping : Mapped "{[/],methods=[GET]}" onto public java.lang.String com.example.hangzhao.web.ByController.helloWorld()
2016-10-12 19:00:04.362  INFO 14472 --- [    Test worker] s.w.s.m.m.a.RequestMappingHandlerMapping : Mapped "{[/rent],methods=[POST]}" onto public java.lang.String com.example.hangzhao.web.ByController.rentBicycle(java.lang.String,java.lang.String)
2016-10-12 19:00:04.369  INFO 14472 --- [    Test worker] s.w.s.m.m.a.RequestMappingHandlerMapping : Mapped "{[/error]}" onto public org.springframework.http.ResponseEntity<java.util.Map<java.lang.String, java.lang.Object>> org.springframework.boot.autoconfigure.web.BasicErrorController.error(javax.servlet.http.HttpServletRequest)
2016-10-12 19:00:04.371  INFO 14472 --- [    Test worker] s.w.s.m.m.a.RequestMappingHandlerMapping : Mapped "{[/error],produces=[text/html]}" onto public org.springframework.web.servlet.ModelAndView org.springframework.boot.autoconfigure.web.BasicErrorController.errorHtml(javax.servlet.http.HttpServletRequest,javax.servlet.http.HttpServletResponse)
2016-10-12 19:00:04.503  INFO 14472 --- [    Test worker] o.s.w.s.handler.SimpleUrlHandlerMapping  : Mapped URL path [/webjars/**] onto handler of type [class org.springframework.web.servlet.resource.ResourceHttpRequestHandler]
2016-10-12 19:00:04.508  INFO 14472 --- [    Test worker] o.s.w.s.handler.SimpleUrlHandlerMapping  : Mapped URL path [/**] onto handler of type [class org.springframework.web.servlet.resource.ResourceHttpRequestHandler]
2016-10-12 19:00:04.684  INFO 14472 --- [    Test worker] o.s.w.s.handler.SimpleUrlHandlerMapping  : Mapped URL path [/**/favicon.ico] onto handler of type [class org.springframework.web.servlet.resource.ResourceHttpRequestHandler]
2016-10-12 19:00:05.652  INFO 14472 --- [    Test worker] com.example.hangzhao.InitDB              : clean data
2016-10-12 19:00:05.784  INFO 14472 --- [    Test worker] org.mongodb.driver.connection            : Opened connection [connectionId{localValue:2, serverValue:12}] to localhost:27017
2016-10-12 19:00:05.823  INFO 14472 --- [    Test worker] com.example.hangzhao.InitDB              : init bicycle data
2016-10-12 19:00:05.927  INFO 14472 --- [    Test worker] com.example.hangzhao.InitDB              : init dockbay data
2016-10-12 19:00:05.943  INFO 14472 --- [    Test worker] com.example.hangzhao.InitDB              : init customer data
2016-10-12 19:00:06.003  INFO 14472 --- [    Test worker] c.e.h.BishareServerApplicationTests      : Started BishareServerApplicationTests in 14.101 seconds (JVM running for 16.923)
]]></system-out>
  <system-err><![CDATA[]]></system-err>
</testsuite>
